<?xml version="1.0" encoding="UTF-8"?>
<!-- Generated by org.testng.reporters.JUnitReportReporter -->
<testsuite skipped="0" hostname="KrishnaAsus" name="task5.JiraIntegration" tests="4" failures="0" timestamp="09 Apr 2022 08:32:58 GMT" time="8.006" errors="0">
  <testcase name="getUser" time="3.393" classname="task5.JiraIntegration"/>
  <testcase name="postPet" time="1.459" classname="task5.JiraIntegration"/>
  <testcase name="putPet" time="1.616" classname="task5.JiraIntegration"/>
  <testcase name="deletePet" time="1.538" classname="task5.JiraIntegration"/>
</testsuite> <!-- task5.JiraIntegration -->
